<?xml version="1.0" encoding="UTF-8"?>
<coverage generated="1506497994996" clover="3.2.0">
  <project timestamp="1506497994997" name="All files">
    <metrics statements="26" coveredstatements="23" conditionals="9" coveredconditionals="8" methods="9" coveredmethods="7" elements="44" coveredelements="38" complexity="0" loc="26" ncloc="26" packages="6" files="7" classes="7">
      <package name="schemas">
        <metrics statements="0" coveredstatements="0" conditionals="0" coveredconditionals="0" methods="0" coveredmethods="0"/>
        <file name="attendeeSchema.js" path="/Users/yoshisavenko/projects/DrupalCon/schemas/attendeeSchema.js">
          <metrics statements="0" coveredstatements="0" conditionals="0" coveredconditionals="0" methods="0" coveredmethods="0"/>
        </file>
        <file name="attendeesSchema.js" path="/Users/yoshisavenko/projects/DrupalCon/schemas/attendeesSchema.js">
          <metrics statements="0" coveredstatements="0" conditionals="0" coveredconditionals="0" methods="0" coveredmethods="0"/>
        </file>
      </package>
      <package name="src.actions">
        <metrics statements="16" coveredstatements="13" conditionals="2" coveredconditionals="1" methods="7" coveredmethods="5"/>
        <file name="actionCreators.js" path="/Users/yoshisavenko/projects/DrupalCon/src/actions/actionCreators.js">
          <metrics statements="16" coveredstatements="13" conditionals="2" coveredconditionals="1" methods="7" coveredmethods="5"/>
          <line num="8" count="1" type="stmt"/>
          <line num="10" count="1" type="stmt"/>
          <line num="16" count="1" type="stmt"/>
          <line num="17" count="1" type="stmt"/>
          <line num="18" count="1" type="stmt"/>
          <line num="19" count="1" type="stmt"/>
          <line num="21" count="1" type="stmt"/>
          <line num="28" count="1" type="stmt"/>
          <line num="29" count="1" type="stmt"/>
          <line num="31" count="1" type="cond" truecount="1" falsecount="1"/>
          <line num="32" count="0" type="stmt"/>
          <line num="35" count="1" type="stmt"/>
          <line num="39" count="0" type="stmt"/>
          <line num="45" count="1" type="stmt"/>
          <line num="51" count="1" type="stmt"/>
          <line num="58" count="0" type="stmt"/>
        </file>
      </package>
      <package name="src.actions.tests">
        <metrics statements="0" coveredstatements="0" conditionals="0" coveredconditionals="0" methods="0" coveredmethods="0"/>
        <file name="attendeeMock.js" path="/Users/yoshisavenko/projects/DrupalCon/src/actions/tests/attendeeMock.js">
          <metrics statements="0" coveredstatements="0" conditionals="0" coveredconditionals="0" methods="0" coveredmethods="0"/>
        </file>
      </package>
      <package name="src.components.AttendeeCard">
        <metrics statements="3" coveredstatements="3" conditionals="2" coveredconditionals="2" methods="1" coveredmethods="1"/>
        <file name="AttendeeCard.js" path="/Users/yoshisavenko/projects/DrupalCon/src/components/AttendeeCard/AttendeeCard.js">
          <metrics statements="3" coveredstatements="3" conditionals="2" coveredconditionals="2" methods="1" coveredmethods="1"/>
          <line num="6" count="1" type="stmt"/>
          <line num="8" count="1" type="stmt"/>
          <line num="20" count="1" type="stmt"/>
        </file>
      </package>
      <package name="src.constants">
        <metrics statements="1" coveredstatements="1" conditionals="0" coveredconditionals="0" methods="0" coveredmethods="0"/>
        <file name="endpoints.js" path="/Users/yoshisavenko/projects/DrupalCon/src/constants/endpoints.js">
          <metrics statements="1" coveredstatements="1" conditionals="0" coveredconditionals="0" methods="0" coveredmethods="0"/>
          <line num="6" count="1" type="stmt"/>
        </file>
      </package>
      <package name="src.reducers">
        <metrics statements="6" coveredstatements="6" conditionals="5" coveredconditionals="5" methods="1" coveredmethods="1"/>
        <file name="attendee.js" path="/Users/yoshisavenko/projects/DrupalCon/src/reducers/attendee.js">
          <metrics statements="6" coveredstatements="6" conditionals="5" coveredconditionals="5" methods="1" coveredmethods="1"/>
          <line num="1" count="1" type="stmt"/>
          <line num="9" count="4" type="cond" truecount="4" falsecount="0"/>
          <line num="11" count="1" type="stmt"/>
          <line num="18" count="1" type="stmt"/>
          <line num="23" count="1" type="stmt"/>
          <line num="29" count="1" type="stmt"/>
        </file>
      </package>
    </metrics>
  </project>
</coverage>
