{"/Users/yoshisavenko/projects/DrupalCon/schemas/attendeesSchema.js": {"path":"/Users/yoshisavenko/projects/DrupalCon/schemas/attendeesSchema.js","statementMap":{},"fnMap":{},"branchMap":{},"s":{},"f":{},"b":{},"_coverageSchema":"332fd63041d2c1bcb487cc26dd0d5f7d97098a6c","hash":"95f7fcf2035b7a1af680dbddbe9ba70ad6e82210"}
,"/Users/yoshisavenko/projects/DrupalCon/src/actions/actionCreators.js": {"path":"/Users/yoshisavenko/projects/DrupalCon/src/actions/actionCreators.js","statementMap":{"0":{"start":{"line":7,"column":10},"end":{"line":7,"column":32}},"1":{"start":{"line":13,"column":2},"end":{"line":46,"column":3}},"2":{"start":{"line":14,"column":21},"end":{"line":14,"column":32}},"3":{"start":{"line":15,"column":19},"end":{"line":15,"column":43}},"4":{"start":{"line":16,"column":4},"end":{"line":16,"column":30}},"5":{"start":{"line":18,"column":4},"end":{"line":45,"column":7}},"6":{"start":{"line":41,"column":6},"end":{"line":41,"column":50}},"7":{"start":{"line":44,"column":6},"end":{"line":44,"column":44}},"8":{"start":{"line":50,"column":2},"end":{"line":50,"column":14}},"9":{"start":{"line":52,"column":2},"end":{"line":62,"column":4}},"10":{"start":{"line":53,"column":4},"end":{"line":53,"column":22}},"11":{"start":{"line":54,"column":4},"end":{"line":61,"column":5}},"12":{"start":{"line":55,"column":17},"end":{"line":55,"column":41}},"13":{"start":{"line":56,"column":16},"end":{"line":56,"column":34}},"14":{"start":{"line":58,"column":6},"end":{"line":58,"column":62}},"15":{"start":{"line":59,"column":6},"end":{"line":59,"column":63}},"16":{"start":{"line":60,"column":6},"end":{"line":60,"column":25}},"17":{"start":{"line":66,"column":2},"end":{"line":68,"column":3}},"18":{"start":{"line":72,"column":2},"end":{"line":75,"column":3}},"19":{"start":{"line":79,"column":2},"end":{"line":82,"column":3}}},"fnMap":{"0":{"name":"getData","decl":{"start":{"line":12,"column":16},"end":{"line":12,"column":23}},"loc":{"start":{"line":12,"column":26},"end":{"line":47,"column":1}},"line":12},"1":{"name":"(anonymous_1)","decl":{"start":{"line":13,"column":9},"end":{"line":13,"column":10}},"loc":{"start":{"line":13,"column":39},"end":{"line":46,"column":3}},"line":13},"2":{"name":"(anonymous_2)","decl":{"start":{"line":23,"column":10},"end":{"line":23,"column":11}},"loc":{"start":{"line":23,"column":17},"end":{"line":42,"column":5}},"line":23},"3":{"name":"(anonymous_3)","decl":{"start":{"line":43,"column":11},"end":{"line":43,"column":12}},"loc":{"start":{"line":43,"column":18},"end":{"line":45,"column":5}},"line":43},"4":{"name":"fixErrors","decl":{"start":{"line":49,"column":9},"end":{"line":49,"column":18}},"loc":{"start":{"line":49,"column":33},"end":{"line":63,"column":1}},"line":49},"5":{"name":"(anonymous_5)","decl":{"start":{"line":52,"column":17},"end":{"line":52,"column":18}},"loc":{"start":{"line":52,"column":26},"end":{"line":62,"column":3}},"line":52},"6":{"name":"getDataPending","decl":{"start":{"line":65,"column":9},"end":{"line":65,"column":23}},"loc":{"start":{"line":65,"column":26},"end":{"line":69,"column":1}},"line":65},"7":{"name":"getDataSuccess","decl":{"start":{"line":71,"column":9},"end":{"line":71,"column":23}},"loc":{"start":{"line":71,"column":30},"end":{"line":76,"column":1}},"line":71},"8":{"name":"getDataFail","decl":{"start":{"line":78,"column":9},"end":{"line":78,"column":20}},"loc":{"start":{"line":78,"column":38},"end":{"line":83,"column":1}},"line":78}},"branchMap":{"0":{"loc":{"start":{"line":54,"column":4},"end":{"line":61,"column":5}},"type":"if","locations":[{"start":{"line":54,"column":4},"end":{"line":61,"column":5}},{"start":{"line":54,"column":4},"end":{"line":61,"column":5}}],"line":54}},"s":{"0":1,"1":1,"2":1,"3":1,"4":1,"5":1,"6":1,"7":0,"8":0,"9":0,"10":0,"11":0,"12":0,"13":0,"14":0,"15":0,"16":0,"17":1,"18":1,"19":0},"f":{"0":1,"1":1,"2":1,"3":0,"4":0,"5":0,"6":1,"7":1,"8":0},"b":{"0":[0,0]},"_coverageSchema":"332fd63041d2c1bcb487cc26dd0d5f7d97098a6c","hash":"d690ce61ec9bf2389250f325aab2733e3df9f284"}
,"/Users/yoshisavenko/projects/DrupalCon/src/components/AttendeeCard/AttendeeCard.js": {"path":"/Users/yoshisavenko/projects/DrupalCon/src/components/AttendeeCard/AttendeeCard.js","statementMap":{"0":{"start":{"line":6,"column":56},"end":{"line":6,"column":66}},"1":{"start":{"line":8,"column":4},"end":{"line":17,"column":5}},"2":{"start":{"line":21,"column":0},"end":{"line":27,"column":2}}},"fnMap":{"0":{"name":"(anonymous_0)","decl":{"start":{"line":5,"column":2},"end":{"line":5,"column":3}},"loc":{"start":{"line":5,"column":11},"end":{"line":18,"column":3}},"line":5}},"branchMap":{"0":{"loc":{"start":{"line":10,"column":9},"end":{"line":11,"column":50}},"type":"binary-expr","locations":[{"start":{"line":10,"column":9},"end":{"line":10,"column":18}},{"start":{"line":11,"column":10},"end":{"line":11,"column":50}}],"line":10}},"s":{"0":3,"1":3,"2":2},"f":{"0":3},"b":{"0":[3,0]},"_coverageSchema":"332fd63041d2c1bcb487cc26dd0d5f7d97098a6c","hash":"38779a396ce3b72f312424af1f363d1d847ada02"}
,"/Users/yoshisavenko/projects/DrupalCon/src/components/AttendeesList/AttendeesList.js": {"path":"/Users/yoshisavenko/projects/DrupalCon/src/components/AttendeesList/AttendeesList.js","statementMap":{"0":{"start":{"line":9,"column":4},"end":{"line":21,"column":5}},"1":{"start":{"line":13,"column":10},"end":{"line":18,"column":11}},"2":{"start":{"line":25,"column":0},"end":{"line":27,"column":2}}},"fnMap":{"0":{"name":"(anonymous_0)","decl":{"start":{"line":7,"column":2},"end":{"line":7,"column":3}},"loc":{"start":{"line":7,"column":11},"end":{"line":22,"column":3}},"line":7},"1":{"name":"(anonymous_1)","decl":{"start":{"line":12,"column":29},"end":{"line":12,"column":30}},"loc":{"start":{"line":12,"column":44},"end":{"line":19,"column":9}},"line":12}},"branchMap":{},"s":{"0":1,"1":2,"2":1},"f":{"0":1,"1":2},"b":{},"_coverageSchema":"332fd63041d2c1bcb487cc26dd0d5f7d97098a6c","hash":"e84d5e0337dfaa6f001d858699a8d4589cc85011"}
,"/Users/yoshisavenko/projects/DrupalCon/src/constants/endpoints.js": {"path":"/Users/yoshisavenko/projects/DrupalCon/src/constants/endpoints.js","statementMap":{"0":{"start":{"line":6,"column":28},"end":{"line":13,"column":1}}},"fnMap":{},"branchMap":{},"s":{"0":1},"f":{},"b":{},"_coverageSchema":"332fd63041d2c1bcb487cc26dd0d5f7d97098a6c","hash":"9e03df2275b0b753e14edfd4fabe541539193fbb"}
,"/Users/yoshisavenko/projects/DrupalCon/src/reducers/attendees.js": {"path":"/Users/yoshisavenko/projects/DrupalCon/src/reducers/attendees.js","statementMap":{"0":{"start":{"line":1,"column":21},"end":{"line":6,"column":1}},"1":{"start":{"line":9,"column":2},"end":{"line":30,"column":3}},"2":{"start":{"line":11,"column":6},"end":{"line":16,"column":7}},"3":{"start":{"line":18,"column":6},"end":{"line":21,"column":7}},"4":{"start":{"line":23,"column":6},"end":{"line":27,"column":7}},"5":{"start":{"line":29,"column":6},"end":{"line":29,"column":19}}},"fnMap":{"0":{"name":"attendees","decl":{"start":{"line":8,"column":9},"end":{"line":8,"column":18}},"loc":{"start":{"line":8,"column":49},"end":{"line":31,"column":1}},"line":8}},"branchMap":{"0":{"loc":{"start":{"line":8,"column":19},"end":{"line":8,"column":39}},"type":"default-arg","locations":[{"start":{"line":8,"column":27},"end":{"line":8,"column":39}}],"line":8},"1":{"loc":{"start":{"line":9,"column":2},"end":{"line":30,"column":3}},"type":"switch","locations":[{"start":{"line":10,"column":4},"end":{"line":16,"column":7}},{"start":{"line":17,"column":4},"end":{"line":21,"column":7}},{"start":{"line":22,"column":4},"end":{"line":27,"column":7}},{"start":{"line":28,"column":4},"end":{"line":29,"column":19}}],"line":9}},"s":{"0":1,"1":4,"2":1,"3":1,"4":1,"5":1},"f":{"0":4},"b":{"0":[1],"1":[1,1,1,1]},"_coverageSchema":"332fd63041d2c1bcb487cc26dd0d5f7d97098a6c","hash":"b82c2bafa06709514fac927cc75bb41159bbdbb9"}
}
