{"/Users/yoshisavenko/projects/DrupalCon/schemas/attendeeSchema.js": {"path":"/Users/yoshisavenko/projects/DrupalCon/schemas/attendeeSchema.js","statementMap":{},"fnMap":{},"branchMap":{},"s":{},"f":{},"b":{},"_coverageSchema":"332fd63041d2c1bcb487cc26dd0d5f7d97098a6c","hash":"63fee1eea1cdf7d9eb1c49cbaecedb9070d9541a"}
,"/Users/yoshisavenko/projects/DrupalCon/schemas/attendeesSchema.js": {"path":"/Users/yoshisavenko/projects/DrupalCon/schemas/attendeesSchema.js","statementMap":{},"fnMap":{},"branchMap":{},"s":{},"f":{},"b":{},"_coverageSchema":"332fd63041d2c1bcb487cc26dd0d5f7d97098a6c","hash":"95f7fcf2035b7a1af680dbddbe9ba70ad6e82210"}
,"/Users/yoshisavenko/projects/DrupalCon/src/actions/actionCreators.js": {"path":"/Users/yoshisavenko/projects/DrupalCon/src/actions/actionCreators.js","statementMap":{"0":{"start":{"line":8,"column":10},"end":{"line":8,"column":36}},"1":{"start":{"line":10,"column":0},"end":{"line":10,"column":69}},"2":{"start":{"line":16,"column":2},"end":{"line":41,"column":3}},"3":{"start":{"line":17,"column":21},"end":{"line":17,"column":31}},"4":{"start":{"line":18,"column":19},"end":{"line":18,"column":43}},"5":{"start":{"line":19,"column":4},"end":{"line":19,"column":30}},"6":{"start":{"line":21,"column":4},"end":{"line":40,"column":7}},"7":{"start":{"line":28,"column":21},"end":{"line":28,"column":48}},"8":{"start":{"line":29,"column":18},"end":{"line":29,"column":36}},"9":{"start":{"line":31,"column":6},"end":{"line":36,"column":7}},"10":{"start":{"line":32,"column":8},"end":{"line":32,"column":73}},"11":{"start":{"line":35,"column":8},"end":{"line":35,"column":42}},"12":{"start":{"line":39,"column":6},"end":{"line":39,"column":44}},"13":{"start":{"line":45,"column":2},"end":{"line":47,"column":3}},"14":{"start":{"line":51,"column":2},"end":{"line":54,"column":3}},"15":{"start":{"line":58,"column":2},"end":{"line":61,"column":3}}},"fnMap":{"0":{"name":"getData","decl":{"start":{"line":15,"column":16},"end":{"line":15,"column":23}},"loc":{"start":{"line":15,"column":26},"end":{"line":42,"column":1}},"line":15},"1":{"name":"(anonymous_1)","decl":{"start":{"line":16,"column":9},"end":{"line":16,"column":10}},"loc":{"start":{"line":16,"column":39},"end":{"line":41,"column":3}},"line":16},"2":{"name":"(anonymous_2)","decl":{"start":{"line":26,"column":10},"end":{"line":26,"column":11}},"loc":{"start":{"line":26,"column":17},"end":{"line":37,"column":5}},"line":26},"3":{"name":"(anonymous_3)","decl":{"start":{"line":38,"column":11},"end":{"line":38,"column":12}},"loc":{"start":{"line":38,"column":18},"end":{"line":40,"column":5}},"line":38},"4":{"name":"getDataPending","decl":{"start":{"line":44,"column":9},"end":{"line":44,"column":23}},"loc":{"start":{"line":44,"column":26},"end":{"line":48,"column":1}},"line":44},"5":{"name":"getDataSuccess","decl":{"start":{"line":50,"column":9},"end":{"line":50,"column":23}},"loc":{"start":{"line":50,"column":30},"end":{"line":55,"column":1}},"line":50},"6":{"name":"getDataFail","decl":{"start":{"line":57,"column":9},"end":{"line":57,"column":20}},"loc":{"start":{"line":57,"column":38},"end":{"line":62,"column":1}},"line":57}},"branchMap":{"0":{"loc":{"start":{"line":31,"column":6},"end":{"line":36,"column":7}},"type":"if","locations":[{"start":{"line":31,"column":6},"end":{"line":36,"column":7}},{"start":{"line":31,"column":6},"end":{"line":36,"column":7}}],"line":31}},"s":{"0":1,"1":1,"2":1,"3":1,"4":1,"5":1,"6":1,"7":1,"8":1,"9":1,"10":0,"11":1,"12":0,"13":1,"14":1,"15":0},"f":{"0":1,"1":1,"2":1,"3":0,"4":1,"5":1,"6":0},"b":{"0":[0,1]},"_coverageSchema":"332fd63041d2c1bcb487cc26dd0d5f7d97098a6c","hash":"2af12270b4a60db34a5177eeab98117406be2794"}
,"/Users/yoshisavenko/projects/DrupalCon/src/actions/tests/attendeeMock.js": {"path":"/Users/yoshisavenko/projects/DrupalCon/src/actions/tests/attendeeMock.js","statementMap":{},"fnMap":{},"branchMap":{},"s":{},"f":{},"b":{},"_coverageSchema":"332fd63041d2c1bcb487cc26dd0d5f7d97098a6c","hash":"eb76cf835345b78011c083a2c56c0968670cea0f"}
,"/Users/yoshisavenko/projects/DrupalCon/src/components/AttendeeCard/AttendeeCard.js": {"path":"/Users/yoshisavenko/projects/DrupalCon/src/components/AttendeeCard/AttendeeCard.js","statementMap":{"0":{"start":{"line":6,"column":72},"end":{"line":6,"column":87}},"1":{"start":{"line":8,"column":4},"end":{"line":16,"column":5}},"2":{"start":{"line":20,"column":0},"end":{"line":26,"column":2}}},"fnMap":{"0":{"name":"(anonymous_0)","decl":{"start":{"line":5,"column":2},"end":{"line":5,"column":3}},"loc":{"start":{"line":5,"column":11},"end":{"line":17,"column":3}},"line":5}},"branchMap":{"0":{"loc":{"start":{"line":10,"column":9},"end":{"line":11,"column":50}},"type":"binary-expr","locations":[{"start":{"line":10,"column":9},"end":{"line":10,"column":36}},{"start":{"line":11,"column":10},"end":{"line":11,"column":50}}],"line":10}},"s":{"0":1,"1":1,"2":1},"f":{"0":1},"b":{"0":[1,1]},"_coverageSchema":"332fd63041d2c1bcb487cc26dd0d5f7d97098a6c","hash":"9d22db9eccf17cd920faefbc83083ac8e73fbee2"}
,"/Users/yoshisavenko/projects/DrupalCon/src/constants/endpoints.js": {"path":"/Users/yoshisavenko/projects/DrupalCon/src/constants/endpoints.js","statementMap":{"0":{"start":{"line":6,"column":28},"end":{"line":19,"column":1}}},"fnMap":{},"branchMap":{},"s":{"0":1},"f":{},"b":{},"_coverageSchema":"332fd63041d2c1bcb487cc26dd0d5f7d97098a6c","hash":"b054acbcb22cebc5943ef447dfb1480d4175a685"}
,"/Users/yoshisavenko/projects/DrupalCon/src/reducers/attendee.js": {"path":"/Users/yoshisavenko/projects/DrupalCon/src/reducers/attendee.js","statementMap":{"0":{"start":{"line":1,"column":21},"end":{"line":6,"column":1}},"1":{"start":{"line":9,"column":2},"end":{"line":30,"column":3}},"2":{"start":{"line":11,"column":6},"end":{"line":16,"column":7}},"3":{"start":{"line":18,"column":6},"end":{"line":21,"column":7}},"4":{"start":{"line":23,"column":6},"end":{"line":27,"column":7}},"5":{"start":{"line":29,"column":6},"end":{"line":29,"column":19}}},"fnMap":{"0":{"name":"attendee","decl":{"start":{"line":8,"column":9},"end":{"line":8,"column":17}},"loc":{"start":{"line":8,"column":48},"end":{"line":31,"column":1}},"line":8}},"branchMap":{"0":{"loc":{"start":{"line":8,"column":18},"end":{"line":8,"column":38}},"type":"default-arg","locations":[{"start":{"line":8,"column":26},"end":{"line":8,"column":38}}],"line":8},"1":{"loc":{"start":{"line":9,"column":2},"end":{"line":30,"column":3}},"type":"switch","locations":[{"start":{"line":10,"column":4},"end":{"line":16,"column":7}},{"start":{"line":17,"column":4},"end":{"line":21,"column":7}},{"start":{"line":22,"column":4},"end":{"line":27,"column":7}},{"start":{"line":28,"column":4},"end":{"line":29,"column":19}}],"line":9}},"s":{"0":1,"1":4,"2":1,"3":1,"4":1,"5":1},"f":{"0":4},"b":{"0":[1],"1":[1,1,1,1]},"_coverageSchema":"332fd63041d2c1bcb487cc26dd0d5f7d97098a6c","hash":"c8f074f187fb326ed23538354b14f8ff0544bccb"}
}
