TN:
SF:/Users/yoshisavenko/projects/DrupalCon/schemas/attendeeSchema.js
FNF:0
FNH:0
LF:0
LH:0
BRF:0
BRH:0
end_of_record
TN:
SF:/Users/yoshisavenko/projects/DrupalCon/schemas/attendeesSchema.js
FNF:0
FNH:0
LF:0
LH:0
BRF:0
BRH:0
end_of_record
TN:
SF:/Users/yoshisavenko/projects/DrupalCon/src/actions/actionCreators.js
FN:15,getData
FN:16,(anonymous_1)
FN:26,(anonymous_2)
FN:38,(anonymous_3)
FN:44,getDataPending
FN:50,getDataSuccess
FN:57,getDataFail
FNF:7
FNH:5
FNDA:1,getData
FNDA:1,(anonymous_1)
FNDA:1,(anonymous_2)
FNDA:0,(anonymous_3)
FNDA:1,getDataPending
FNDA:1,getDataSuccess
FNDA:0,getDataFail
DA:8,1
DA:10,1
DA:16,1
DA:17,1
DA:18,1
DA:19,1
DA:21,1
DA:28,1
DA:29,1
DA:31,1
DA:32,0
DA:35,1
DA:39,0
DA:45,1
DA:51,1
DA:58,0
LF:16
LH:13
BRDA:31,0,0,0
BRDA:31,0,1,1
BRF:2
BRH:1
end_of_record
TN:
SF:/Users/yoshisavenko/projects/DrupalCon/src/actions/tests/attendeeMock.js
FNF:0
FNH:0
LF:0
LH:0
BRF:0
BRH:0
end_of_record
TN:
SF:/Users/yoshisavenko/projects/DrupalCon/src/components/AttendeeCard/AttendeeCard.js
FN:5,(anonymous_0)
FNF:1
FNH:1
FNDA:1,(anonymous_0)
DA:6,1
DA:8,1
DA:20,1
LF:3
LH:3
BRDA:10,0,0,1
BRDA:10,0,1,1
BRF:2
BRH:2
end_of_record
TN:
SF:/Users/yoshisavenko/projects/DrupalCon/src/constants/endpoints.js
FNF:0
FNH:0
DA:6,1
LF:1
LH:1
BRF:0
BRH:0
end_of_record
TN:
SF:/Users/yoshisavenko/projects/DrupalCon/src/reducers/attendee.js
FN:8,attendee
FNF:1
FNH:1
FNDA:4,attendee
DA:1,1
DA:9,4
DA:11,1
DA:18,1
DA:23,1
DA:29,1
LF:6
LH:6
BRDA:8,0,0,1
BRDA:9,1,0,1
BRDA:9,1,1,1
BRDA:9,1,2,1
BRDA:9,1,3,1
BRF:5
BRH:5
end_of_record
