TN:
SF:/Users/yoshisavenko/projects/DrupalCon/schemas/attendeesSchema.js
FNF:0
FNH:0
LF:0
LH:0
BRF:0
BRH:0
end_of_record
TN:
SF:/Users/yoshisavenko/projects/DrupalCon/src/actions/actionCreators.js
FN:12,getData
FN:13,(anonymous_1)
FN:23,(anonymous_2)
FN:43,(anonymous_3)
FN:49,fixErrors
FN:52,(anonymous_5)
FN:65,getDataPending
FN:71,getDataSuccess
FN:78,getDataFail
FNF:9
FNH:5
FNDA:1,getData
FNDA:1,(anonymous_1)
FNDA:1,(anonymous_2)
FNDA:0,(anonymous_3)
FNDA:0,fixErrors
FNDA:0,(anonymous_5)
FNDA:1,getDataPending
FNDA:1,getDataSuccess
FNDA:0,getDataFail
DA:7,1
DA:13,1
DA:14,1
DA:15,1
DA:16,1
DA:18,1
DA:41,1
DA:44,0
DA:50,0
DA:52,0
DA:53,0
DA:54,0
DA:55,0
DA:56,0
DA:58,0
DA:59,0
DA:60,0
DA:66,1
DA:72,1
DA:79,0
LF:20
LH:9
BRDA:54,0,0,0
BRDA:54,0,1,0
BRF:2
BRH:0
end_of_record
TN:
SF:/Users/yoshisavenko/projects/DrupalCon/src/components/AttendeeCard/AttendeeCard.js
FN:5,(anonymous_0)
FNF:1
FNH:1
FNDA:3,(anonymous_0)
DA:6,3
DA:8,3
DA:21,2
LF:3
LH:3
BRDA:10,0,0,3
BRDA:10,0,1,0
BRF:2
BRH:1
end_of_record
TN:
SF:/Users/yoshisavenko/projects/DrupalCon/src/components/AttendeesList/AttendeesList.js
FN:7,(anonymous_0)
FN:12,(anonymous_1)
FNF:2
FNH:2
FNDA:1,(anonymous_0)
FNDA:2,(anonymous_1)
DA:9,1
DA:13,2
DA:25,1
LF:3
LH:3
BRF:0
BRH:0
end_of_record
TN:
SF:/Users/yoshisavenko/projects/DrupalCon/src/constants/endpoints.js
FNF:0
FNH:0
DA:6,1
LF:1
LH:1
BRF:0
BRH:0
end_of_record
TN:
SF:/Users/yoshisavenko/projects/DrupalCon/src/reducers/attendees.js
FN:8,attendees
FNF:1
FNH:1
FNDA:4,attendees
DA:1,1
DA:9,4
DA:11,1
DA:18,1
DA:23,1
DA:29,1
LF:6
LH:6
BRDA:8,0,0,1
BRDA:9,1,0,1
BRDA:9,1,1,1
BRDA:9,1,2,1
BRDA:9,1,3,1
BRF:5
BRH:5
end_of_record
